Using pre-set license
Built from '2020.3/staging' branch; Version is '2020.3.33f1 (915a7af8b0d5) revision 9525882'; Using compiler version '192528614'; Build Type 'Release'
OS: 'Windows 10  (10.0.19044) 64bit Core' Language: 'en' Physical Memory: 16301 MB
BatchMode: 1, IsHumanControllingUs: 0, StartBugReporterOnCrash: 0, Is64bit: 1, IsPro: 0

COMMAND LINE ARGUMENTS:
C:\Program Files\Unity\Hub\Editor\2020.3.33f1\Editor\Unity.exe
-adb2
-batchMode
-noUpm
-name
AssetImportWorker0
-projectPath
C:/Git/GDDAssignment-Mission-Demolition/Space SHMUP Prototype
-logFile
Logs/AssetImportWorker0.log
-srvPort
65363
Successfully changed project path to: C:/Git/GDDAssignment-Mission-Demolition/Space SHMUP Prototype
C:/Git/GDDAssignment-Mission-Demolition/Space SHMUP Prototype
Using Asset Import Pipeline V2.
Refreshing native plugins compatible for Editor in 27.62 ms, found 2 plugins.
Preloading 0 native plugins for Editor in 0.00 ms.
Initialize engine version: 2020.3.33f1 (915a7af8b0d5)
[Subsystems] Discovering subsystems at path C:/Program Files/Unity/Hub/Editor/2020.3.33f1/Editor/Data/Resources/UnitySubsystems
[Subsystems] Discovering subsystems at path C:/Git/GDDAssignment-Mission-Demolition/Space SHMUP Prototype/Assets
GfxDevice: creating device client; threaded=0
Direct3D:
    Version:  Direct3D 11.0 [level 11.1]
    Renderer: NVIDIA GeForce RTX 2070 (ID=0x1f02)
    Vendor:   
    VRAM:     8031 MB
    Driver:   30.0.14.9649
Initialize mono
Mono path[0] = 'C:/Program Files/Unity/Hub/Editor/2020.3.33f1/Editor/Data/Managed'
Mono path[1] = 'C:/Program Files/Unity/Hub/Editor/2020.3.33f1/Editor/Data/MonoBleedingEdge/lib/mono/unityjit'
Mono config path = 'C:/Program Files/Unity/Hub/Editor/2020.3.33f1/Editor/Data/MonoBleedingEdge/etc'
Using monoOptions --debugger-agent=transport=dt_socket,embedding=1,server=y,suspend=n,address=127.0.0.1:56704
Begin MonoManager ReloadAssembly
Registering precompiled unity dll's ...
Register platform support module: C:/Program Files/Unity/Hub/Editor/2020.3.33f1/Editor/Data/PlaybackEngines/WindowsStandaloneSupport/UnityEditor.WindowsStandalone.Extensions.dll
Registered in 0.002220 seconds.
Native extension for WindowsStandalone target not found
Refreshing native plugins compatible for Editor in 26.13 ms, found 2 plugins.
Preloading 0 native plugins for Editor in 0.00 ms.
Mono: successfully reloaded assembly
- Completed reload, in  0.508 seconds
Domain Reload Profiling:
	ReloadAssembly (513ms)
		BeginReloadAssembly (67ms)
			ExecutionOrderSort (0ms)
			DisableScriptedObjects (0ms)
			BackupInstance (0ms)
			ReleaseScriptingObjects (0ms)
			CreateAndSetChildDomain (1ms)
		EndReloadAssembly (380ms)
			LoadAssemblies (60ms)
			RebuildTransferFunctionScriptingTraits (0ms)
			SetupTypeCache (128ms)
			ReleaseScriptCaches (0ms)
			RebuildScriptCaches (27ms)
			SetupLoadedEditorAssemblies (134ms)
				LogAssemblyErrors (0ms)
				InitializePlatformSupportModulesInManaged (4ms)
				SetLoadedEditorAssemblies (0ms)
				RefreshPlugins (26ms)
				BeforeProcessingInitializeOnLoad (7ms)
				ProcessInitializeOnLoadAttributes (72ms)
				ProcessInitializeOnLoadMethodAttributes (25ms)
				AfterProcessingInitializeOnLoad (0ms)
				EditorAssembliesLoaded (0ms)
			ExecutionOrderSort2 (0ms)
			AwakeInstancesAfterBackupRestoration (0ms)
Platform modules already initialized, skipping
Registering precompiled user dll's ...
Registered in 0.003343 seconds.
Begin MonoManager ReloadAssembly
Symbol file LoadedFromMemory doesn't match image C:\Git\GDDAssignment-Mission-Demolition\Space SHMUP Prototype\Library\PackageCache\com.unity.collab-proxy@1.15.15\Lib\Editor\PlasticSCM\unityplastic.dll
Native extension for WindowsStandalone target not found
Refreshing native plugins compatible for Editor in 0.28 ms, found 2 plugins.
Preloading 0 native plugins for Editor in 0.00 ms.
Mono: successfully reloaded assembly
- Completed reload, in  0.843 seconds
Domain Reload Profiling:
	ReloadAssembly (843ms)
		BeginReloadAssembly (135ms)
			ExecutionOrderSort (0ms)
			DisableScriptedObjects (4ms)
			BackupInstance (0ms)
			ReleaseScriptingObjects (0ms)
			CreateAndSetChildDomain (17ms)
		EndReloadAssembly (654ms)
			LoadAssemblies (83ms)
			RebuildTransferFunctionScriptingTraits (0ms)
			SetupTypeCache (223ms)
			ReleaseScriptCaches (0ms)
			RebuildScriptCaches (35ms)
			SetupLoadedEditorAssemblies (245ms)
				LogAssemblyErrors (0ms)
				InitializePlatformSupportModulesInManaged (4ms)
				SetLoadedEditorAssemblies (0ms)
				RefreshPlugins (0ms)
				BeforeProcessingInitializeOnLoad (48ms)
				ProcessInitializeOnLoadAttributes (176ms)
				ProcessInitializeOnLoadMethodAttributes (8ms)
				AfterProcessingInitializeOnLoad (7ms)
				EditorAssembliesLoaded (0ms)
			ExecutionOrderSort2 (0ms)
			AwakeInstancesAfterBackupRestoration (6ms)
Platform modules already initialized, skipping
========================================================================
Worker process is ready to serve import requests
Launched and connected shader compiler UnityShaderCompiler.exe after 0.08 seconds
Refreshing native plugins compatible for Editor in 0.28 ms, found 2 plugins.
Preloading 0 native plugins for Editor in 0.00 ms.
Unloading 1508 Unused Serialized files (Serialized files now loaded: 0)
System memory in use before: 68.6 MB.
System memory in use after: 68.6 MB.

Unloading 16 unused Assets to reduce memory usage. Loaded Objects now: 1944.
Total: 2.303600 ms (FindLiveObjects: 0.104900 ms CreateObjectMapping: 0.049400 ms MarkObjects: 2.095400 ms  DeleteObjects: 0.053200 ms)

AssetImportParameters requested are different than current active one (requested -> active):
  custom:framework-win-MediaFoundation: 216162199b28c13a410421893ffa2e32 -> 
  custom:video-decoder-ogg-theora: a1e56fd34408186e4bbccfd4996cb3dc -> 
  custom:container-muxer-webm: aa71ff27fc2769a1b78a27578f13a17b -> 
  custom:container-demuxer-webm: 4f35f7cbe854078d1ac9338744f61a02 -> 
  custom:container-demuxer-ogg: 62fdf1f143b41e24485cea50d1cbac27 -> 
  custom:video-encoder-webm-vp8: eb34c28f22e8b96e1ab97ce403110664 -> 
  custom:video-decoder-webm-vp8: 9c59270c3fd7afecdb556c50c9e8de78 -> 
  custom:audio-decoder-ogg-vorbis: bf7c407c2cedff20999df2af8eb42d56 -> 
  custom:audio-encoder-webm-vorbis: bf7c407c2cedff20999df2af8eb42d56 -> 
========================================================================
Received Import Request.
  path: Assets/Scenes
  artifactKey: Guid(80c2c494c43bdca42a130d4cc047c4a4) Importer(815301076,1909f56bfc062723c751e8b465ee728b)
Start importing Assets/Scenes using Guid(80c2c494c43bdca42a130d4cc047c4a4) Importer(815301076,1909f56bfc062723c751e8b465ee728b)  -> (artifact id: 'a6be8636fe5bc75c050b134a25f93728') in 0.006957 seconds 
========================================================================
Received Import Request.
  Time since last request: 0.000217 seconds.
  path: Assets/Scenes/SampleScene.unity
  artifactKey: Guid(9fc0d4010bbf28b4594072e72b8655ab) Importer(815301076,1909f56bfc062723c751e8b465ee728b)
Start importing Assets/Scenes/SampleScene.unity using Guid(9fc0d4010bbf28b4594072e72b8655ab) Importer(815301076,1909f56bfc062723c751e8b465ee728b)  -> (artifact id: '94c55409359c0051422e58de30b0573d') in 0.006435 seconds 
========================================================================
Received Import Request.
  Time since last request: 27.215367 seconds.
  path: Assets/Scenes/_Scene_0.unity
  artifactKey: Guid(d1f05017d064eee46b6faf9969dd64ed) Importer(815301076,1909f56bfc062723c751e8b465ee728b)
Start importing Assets/Scenes/_Scene_0.unity using Guid(d1f05017d064eee46b6faf9969dd64ed) Importer(815301076,1909f56bfc062723c751e8b465ee728b)  -> (artifact id: '5ccea8405d0fb73b6a84d97c1fafa7d7') in 0.005480 seconds 
========================================================================
Received Import Request.
  Time since last request: 9.515999 seconds.
  path: Assets/Scenes/SampleScene.unity
  artifactKey: Guid(9fc0d4010bbf28b4594072e72b8655ab) Importer(815301076,1909f56bfc062723c751e8b465ee728b)
Start importing Assets/Scenes/SampleScene.unity using Guid(9fc0d4010bbf28b4594072e72b8655ab) Importer(815301076,1909f56bfc062723c751e8b465ee728b)  -> (artifact id: 'a29e6599cd041830108d3872e123bda2') in 0.002041 seconds 
========================================================================
Received Import Request.
  Time since last request: 36.302092 seconds.
  path: Assets/__Scripts
  artifactKey: Guid(a004de1d8d7600148bbb7942c0646d36) Importer(815301076,1909f56bfc062723c751e8b465ee728b)
Start importing Assets/__Scripts using Guid(a004de1d8d7600148bbb7942c0646d36) Importer(815301076,1909f56bfc062723c751e8b465ee728b)  -> (artifact id: '515817da47f5cbc8dc4535d386358478') in 0.005008 seconds 
========================================================================
Received Import Request.
  Time since last request: 12.543100 seconds.
  path: Assets/_Materials
  artifactKey: Guid(2557e27aead07b743a7fd63b4c56c5b6) Importer(815301076,1909f56bfc062723c751e8b465ee728b)
Start importing Assets/_Materials using Guid(2557e27aead07b743a7fd63b4c56c5b6) Importer(815301076,1909f56bfc062723c751e8b465ee728b)  -> (artifact id: '958fffeab8afb336a3cab6a045c12a8f') in 0.004969 seconds 
========================================================================
Received Import Request.
  Time since last request: 7.156619 seconds.
  path: Assets/_Prefabs
  artifactKey: Guid(31b224465dad5af40b20dcdeddc09243) Importer(815301076,1909f56bfc062723c751e8b465ee728b)
Start importing Assets/_Prefabs using Guid(31b224465dad5af40b20dcdeddc09243) Importer(815301076,1909f56bfc062723c751e8b465ee728b)  -> (artifact id: '22b2c9ff97bed411abb580d408c9a0bb') in 0.005039 seconds 
========================================================================
Received Import Request.
  Time since last request: 122.044898 seconds.
  path: Assets/_Materials/PowerUp.psd
  artifactKey: Guid(362efc7b3a9114f38844f4f441def1c0) Importer(815301076,1909f56bfc062723c751e8b465ee728b)
Start importing Assets/_Materials/PowerUp.psd using Guid(362efc7b3a9114f38844f4f441def1c0) Importer(815301076,1909f56bfc062723c751e8b465ee728b)  -> (artifact id: 'e5e2b8cc47108f7ba559972a248b9082') in 0.063506 seconds 
========================================================================
Received Import Request.
  Time since last request: 0.000242 seconds.
  path: Assets/_Materials/Shields.psd
  artifactKey: Guid(63397e36b72de43d6bbd80825fdcae80) Importer(815301076,1909f56bfc062723c751e8b465ee728b)
Start importing Assets/_Materials/Shields.psd using Guid(63397e36b72de43d6bbd80825fdcae80) Importer(815301076,1909f56bfc062723c751e8b465ee728b)  -> (artifact id: '0998dd569c3c165e6f3d5292dbd67c4c') in 0.013728 seconds 
========================================================================
Received Import Request.
  Time since last request: 0.000215 seconds.
  path: Assets/_Materials/Space_Transparent.png
  artifactKey: Guid(453afbaa9f90a42ca875148705ae1b37) Importer(815301076,1909f56bfc062723c751e8b465ee728b)
Start importing Assets/_Materials/Space_Transparent.png using Guid(453afbaa9f90a42ca875148705ae1b37) Importer(815301076,1909f56bfc062723c751e8b465ee728b)  -> (artifact id: '8d7966a3b9c26bf8d30a2060c71c515c') in 0.017080 seconds 
========================================================================
Received Import Request.
  Time since last request: 0.000249 seconds.
  path: Assets/_Materials/Space.png
  artifactKey: Guid(16fe961f69e834ee58da3c7a14d05a3d) Importer(815301076,1909f56bfc062723c751e8b465ee728b)
Start importing Assets/_Materials/Space.png using Guid(16fe961f69e834ee58da3c7a14d05a3d) Importer(815301076,1909f56bfc062723c751e8b465ee728b)  -> (artifact id: '492412654e08d4560df8d9c16970a4fd') in 0.011599 seconds 
========================================================================
Received Import Request.
  Time since last request: 4.736163 seconds.
  path: Assets/_Materials/UnlitAlpha.shader
  artifactKey: Guid(7a80e71dafe87471ca6aa6d0d4bc61e3) Importer(815301076,1909f56bfc062723c751e8b465ee728b)
Start importing Assets/_Materials/UnlitAlpha.shader using Guid(7a80e71dafe87471ca6aa6d0d4bc61e3) Importer(815301076,1909f56bfc062723c751e8b465ee728b)  -> (artifact id: '975d07144c26c8852f2fdce0ac3e9acc') in 0.009172 seconds 
AssetImportWorkerClient::OnTransportError - code=2 error=End of file
